<?xml version="1.0" encoding="UTF-8"?>
<!-- Generated by org.testng.reporters.JUnitReportReporter -->
<testsuite hostname="BeRaT-MacBook-Pro.local" failures="0" tests="1" name="com.example.tests.DocumentTest" time="20.677" errors="0" timestamp="2024-08-19T03:56:05 TRT" skipped="0">
  <testcase classname="com.example.tests.DocumentTest" name="testDocumentDownload" time="20.677"/>
  <system-out/>
</testsuite> <!-- com.example.tests.DocumentTest -->
